Analysis & Synthesis report for SAP1
Wed Jul 15 17:31:45 2026
Quartus Prime Version 20.1.1 Build 720 11/11/2020 SJ Lite Edition


---------------------
; Table of Contents ;
---------------------
  1. Legal Notice
  2. Analysis & Synthesis Summary
  3. Analysis & Synthesis Settings
  4. Parallel Compilation
  5. Analysis & Synthesis Source Files Read
  6. Analysis & Synthesis Resource Usage Summary
  7. Analysis & Synthesis Resource Utilization by Entity
  8. General Register Statistics
  9. Post-Synthesis Netlist Statistics for Top Partition
 10. Elapsed Time Per Partition
 11. Analysis & Synthesis Messages



----------------
; Legal Notice ;
----------------
Copyright (C) 2020  Intel Corporation. All rights reserved.
Your use of Intel Corporation's design tools, logic functions 
and other software and tools, and any partner logic 
functions, and any output files from any of the foregoing 
(including device programming or simulation files), and any 
associated documentation or information are expressly subject 
to the terms and conditions of the Intel Program License 
Subscription Agreement, the Intel Quartus Prime License Agreement,
the Intel FPGA IP License Agreement, or other applicable license
agreement, including, without limitation, that your use is for
the sole purpose of programming logic devices manufactured by
Intel and sold by Intel or its authorized distributors.  Please
refer to the applicable agreement for further details, at
https://fpgasoftware.intel.com/eula.



+----------------------------------------------------------------------------------+
; Analysis & Synthesis Summary                                                     ;
+------------------------------------+---------------------------------------------+
; Analysis & Synthesis Status        ; Successful - Wed Jul 15 17:31:45 2026       ;
; Quartus Prime Version              ; 20.1.1 Build 720 11/11/2020 SJ Lite Edition ;
; Revision Name                      ; SAP1                                        ;
; Top-level Entity Name              ; SAP1                                        ;
; Family                             ; MAX 10                                      ;
; Total logic elements               ; 486                                         ;
;     Total combinational functions  ; 326                                         ;
;     Dedicated logic registers      ; 175                                         ;
; Total registers                    ; 175                                         ;
; Total pins                         ; 44                                          ;
; Total virtual pins                 ; 0                                           ;
; Total memory bits                  ; 0                                           ;
; Embedded Multiplier 9-bit elements ; 0                                           ;
; Total PLLs                         ; 0                                           ;
; UFM blocks                         ; 0                                           ;
; ADC blocks                         ; 0                                           ;
+------------------------------------+---------------------------------------------+


+------------------------------------------------------------------------------------------------------------+
; Analysis & Synthesis Settings                                                                              ;
+------------------------------------------------------------------+--------------------+--------------------+
; Option                                                           ; Setting            ; Default Value      ;
+------------------------------------------------------------------+--------------------+--------------------+
; Device                                                           ; 10M50DCF484C7G     ;                    ;
; Top-level entity name                                            ; SAP1               ; SAP1               ;
; Family name                                                      ; MAX 10             ; Cyclone V          ;
; Use smart compilation                                            ; Off                ; Off                ;
; Enable parallel Assembler and Timing Analyzer during compilation ; On                 ; On                 ;
; Enable compact report table                                      ; Off                ; Off                ;
; Restructure Multiplexers                                         ; Auto               ; Auto               ;
; Create Debugging Nodes for IP Cores                              ; Off                ; Off                ;
; Preserve fewer node names                                        ; On                 ; On                 ;
; Intel FPGA IP Evaluation Mode                                    ; Enable             ; Enable             ;
; Verilog Version                                                  ; Verilog_2001       ; Verilog_2001       ;
; VHDL Version                                                     ; VHDL_1993          ; VHDL_1993          ;
; State Machine Processing                                         ; Auto               ; Auto               ;
; Safe State Machine                                               ; Off                ; Off                ;
; Extract Verilog State Machines                                   ; On                 ; On                 ;
; Extract VHDL State Machines                                      ; On                 ; On                 ;
; Ignore Verilog initial constructs                                ; Off                ; Off                ;
; Iteration limit for constant Verilog loops                       ; 5000               ; 5000               ;
; Iteration limit for non-constant Verilog loops                   ; 250                ; 250                ;
; Add Pass-Through Logic to Inferred RAMs                          ; On                 ; On                 ;
; Infer RAMs from Raw Logic                                        ; On                 ; On                 ;
; Parallel Synthesis                                               ; On                 ; On                 ;
; DSP Block Balancing                                              ; Auto               ; Auto               ;
; NOT Gate Push-Back                                               ; On                 ; On                 ;
; Power-Up Don't Care                                              ; On                 ; On                 ;
; Remove Redundant Logic Cells                                     ; Off                ; Off                ;
; Remove Duplicate Registers                                       ; On                 ; On                 ;
; Ignore CARRY Buffers                                             ; Off                ; Off                ;
; Ignore CASCADE Buffers                                           ; Off                ; Off                ;
; Ignore GLOBAL Buffers                                            ; Off                ; Off                ;
; Ignore ROW GLOBAL Buffers                                        ; Off                ; Off                ;
; Ignore LCELL Buffers                                             ; Off                ; Off                ;
; Ignore SOFT Buffers                                              ; On                 ; On                 ;
; Limit AHDL Integers to 32 Bits                                   ; Off                ; Off                ;
; Optimization Technique                                           ; Balanced           ; Balanced           ;
; Carry Chain Length                                               ; 70                 ; 70                 ;
; Auto Carry Chains                                                ; On                 ; On                 ;
; Auto Open-Drain Pins                                             ; On                 ; On                 ;
; Perform WYSIWYG Primitive Resynthesis                            ; Off                ; Off                ;
; Auto ROM Replacement                                             ; On                 ; On                 ;
; Auto RAM Replacement                                             ; On                 ; On                 ;
; Auto DSP Block Replacement                                       ; On                 ; On                 ;
; Auto Shift Register Replacement                                  ; Auto               ; Auto               ;
; Allow Shift Register Merging across Hierarchies                  ; Auto               ; Auto               ;
; Auto Clock Enable Replacement                                    ; On                 ; On                 ;
; Strict RAM Replacement                                           ; Off                ; Off                ;
; Allow Synchronous Control Signals                                ; On                 ; On                 ;
; Force Use of Synchronous Clear Signals                           ; Off                ; Off                ;
; Auto RAM Block Balancing                                         ; On                 ; On                 ;
; Auto RAM to Logic Cell Conversion                                ; Off                ; Off                ;
; Auto Resource Sharing                                            ; Off                ; Off                ;
; Allow Any RAM Size For Recognition                               ; Off                ; Off                ;
; Allow Any ROM Size For Recognition                               ; Off                ; Off                ;
; Allow Any Shift Register Size For Recognition                    ; Off                ; Off                ;
; Use LogicLock Constraints during Resource Balancing              ; On                 ; On                 ;
; Ignore translate_off and synthesis_off directives                ; Off                ; Off                ;
; Timing-Driven Synthesis                                          ; On                 ; On                 ;
; Report Parameter Settings                                        ; On                 ; On                 ;
; Report Source Assignments                                        ; On                 ; On                 ;
; Report Connectivity Checks                                       ; On                 ; On                 ;
; Ignore Maximum Fan-Out Assignments                               ; Off                ; Off                ;
; Synchronization Register Chain Length                            ; 2                  ; 2                  ;
; Power Optimization During Synthesis                              ; Normal compilation ; Normal compilation ;
; HDL message level                                                ; Level2             ; Level2             ;
; Suppress Register Optimization Related Messages                  ; Off                ; Off                ;
; Number of Removed Registers Reported in Synthesis Report         ; 5000               ; 5000               ;
; Number of Swept Nodes Reported in Synthesis Report               ; 5000               ; 5000               ;
; Number of Inverted Registers Reported in Synthesis Report        ; 100                ; 100                ;
; Clock MUX Protection                                             ; On                 ; On                 ;
; Auto Gated Clock Conversion                                      ; Off                ; Off                ;
; Block Design Naming                                              ; Auto               ; Auto               ;
; SDC constraint protection                                        ; Off                ; Off                ;
; Synthesis Effort                                                 ; Auto               ; Auto               ;
; Shift Register Replacement - Allow Asynchronous Clear Signal     ; On                 ; On                 ;
; Pre-Mapping Resynthesis Optimization                             ; Off                ; Off                ;
; Analysis & Synthesis Message Level                               ; Medium             ; Medium             ;
; Disable Register Merging Across Hierarchies                      ; Auto               ; Auto               ;
; Resource Aware Inference For Block RAM                           ; On                 ; On                 ;
+------------------------------------------------------------------+--------------------+--------------------+


+------------------------------------------+
; Parallel Compilation                     ;
+----------------------------+-------------+
; Processors                 ; Number      ;
+----------------------------+-------------+
; Number detected on machine ; 16          ;
; Maximum allowed            ; 16          ;
;                            ;             ;
; Average used               ; 1.00        ;
; Maximum used               ; 16          ;
;                            ;             ;
; Usage by Processor         ; % Time Used ;
;     Processor 1            ; 100.0%      ;
;     Processor 2            ;   0.0%      ;
;     Processors 3-16        ;   0.0%      ;
+----------------------------+-------------+


+-------------------------------------------------------------------------------------------------------------------------------------------------+
; Analysis & Synthesis Source Files Read                                                                                                          ;
+----------------------------------+-----------------+------------------------------------+---------------------------------------------+---------+
; File Name with User-Entered Path ; Used in Netlist ; File Type                          ; File Name with Absolute Path                ; Library ;
+----------------------------------+-----------------+------------------------------------+---------------------------------------------+---------+
; ci74157.bdf                      ; yes             ; User Block Diagram/Schematic File  ; C:/Users/Iury/Documents/P1-SE/ci74157.bdf   ;         ;
; ci7483.bdf                       ; yes             ; User Block Diagram/Schematic File  ; C:/Users/Iury/Documents/P1-SE/ci7483.bdf    ;         ;
; CelulaRam.bdf                    ; yes             ; User Block Diagram/Schematic File  ; C:/Users/Iury/Documents/P1-SE/CelulaRam.bdf ;         ;
; CI74173.bdf                      ; yes             ; User Block Diagram/Schematic File  ; C:/Users/Iury/Documents/P1-SE/CI74173.bdf   ;         ;
; RAM.bdf                          ; yes             ; User Block Diagram/Schematic File  ; C:/Users/Iury/Documents/P1-SE/RAM.bdf       ;         ;
; SAP1.bdf                         ; yes             ; User Block Diagram/Schematic File  ; C:/Users/Iury/Documents/P1-SE/SAP1.bdf      ;         ;
+----------------------------------+-----------------+------------------------------------+---------------------------------------------+---------+


+--------------------------------------------------------------------+
; Analysis & Synthesis Resource Usage Summary                        ;
+---------------------------------------------+----------------------+
; Resource                                    ; Usage                ;
+---------------------------------------------+----------------------+
; Estimated Total logic elements              ; 486                  ;
;                                             ;                      ;
; Total combinational functions               ; 326                  ;
; Logic element usage by number of LUT inputs ;                      ;
;     -- 4 input functions                    ; 145                  ;
;     -- 3 input functions                    ; 164                  ;
;     -- <=2 input functions                  ; 17                   ;
;                                             ;                      ;
; Logic elements by mode                      ;                      ;
;     -- normal mode                          ; 326                  ;
;     -- arithmetic mode                      ; 0                    ;
;                                             ;                      ;
; Total registers                             ; 175                  ;
;     -- Dedicated logic registers            ; 175                  ;
;     -- I/O registers                        ; 0                    ;
;                                             ;                      ;
; I/O pins                                    ; 44                   ;
;                                             ;                      ;
; Embedded Multiplier 9-bit elements          ; 0                    ;
;                                             ;                      ;
; Maximum fan-out node                        ; LeituraEscrita~input ;
; Maximum fan-out                             ; 146                  ;
; Total fan-out                               ; 1567                 ;
; Average fan-out                             ; 2.66                 ;
+---------------------------------------------+----------------------+


+----------------------------------------------------------------------------------------------------------------------------------------------------------------------------------------------------------------------------------------------------+
; Analysis & Synthesis Resource Utilization by Entity                                                                                                                                                                                                ;
+----------------------------+---------------------+---------------------------+-------------+------------+--------------+---------+-----------+------+--------------+------------+-------------------------------------+-------------+--------------+
; Compilation Hierarchy Node ; Combinational ALUTs ; Dedicated Logic Registers ; Memory Bits ; UFM Blocks ; DSP Elements ; DSP 9x9 ; DSP 18x18 ; Pins ; Virtual Pins ; ADC blocks ; Full Hierarchy Name                 ; Entity Name ; Library Name ;
+----------------------------+---------------------+---------------------------+-------------+------------+--------------+---------+-----------+------+--------------+------------+-------------------------------------+-------------+--------------+
; |SAP1                      ; 326 (63)            ; 175 (11)                  ; 0           ; 0          ; 0            ; 0       ; 0         ; 44   ; 0            ; 0          ; |SAP1                               ; SAP1        ; work         ;
;    |CI74173:inst43|        ; 0 (0)               ; 4 (4)                     ; 0           ; 0          ; 0            ; 0       ; 0         ; 0    ; 0            ; 0          ; |SAP1|CI74173:inst43                ; CI74173     ; work         ;
;    |CI74173:inst44|        ; 0 (0)               ; 4 (4)                     ; 0           ; 0          ; 0            ; 0       ; 0         ; 0    ; 0            ; 0          ; |SAP1|CI74173:inst44                ; CI74173     ; work         ;
;    |CI74173:inst6|         ; 0 (0)               ; 4 (4)                     ; 0           ; 0          ; 0            ; 0       ; 0         ; 0    ; 0            ; 0          ; |SAP1|CI74173:inst6                 ; CI74173     ; work         ;
;    |CI74173:inst79|        ; 0 (0)               ; 4 (4)                     ; 0           ; 0          ; 0            ; 0       ; 0         ; 0    ; 0            ; 0          ; |SAP1|CI74173:inst79                ; CI74173     ; work         ;
;    |CI74173:inst7|         ; 0 (0)               ; 4 (4)                     ; 0           ; 0          ; 0            ; 0       ; 0         ; 0    ; 0            ; 0          ; |SAP1|CI74173:inst7                 ; CI74173     ; work         ;
;    |CI74173:inst8|         ; 0 (0)               ; 4 (4)                     ; 0           ; 0          ; 0            ; 0       ; 0         ; 0    ; 0            ; 0          ; |SAP1|CI74173:inst8                 ; CI74173     ; work         ;
;    |CI74173:inst97|        ; 0 (0)               ; 4 (4)                     ; 0           ; 0          ; 0            ; 0       ; 0         ; 0    ; 0            ; 0          ; |SAP1|CI74173:inst97                ; CI74173     ; work         ;
;    |CI74173:inst98|        ; 0 (0)               ; 4 (4)                     ; 0           ; 0          ; 0            ; 0       ; 0         ; 0    ; 0            ; 0          ; |SAP1|CI74173:inst98                ; CI74173     ; work         ;
;    |CI74173:inst9|         ; 0 (0)               ; 4 (4)                     ; 0           ; 0          ; 0            ; 0       ; 0         ; 0    ; 0            ; 0          ; |SAP1|CI74173:inst9                 ; CI74173     ; work         ;
;    |RAM:inst105|           ; 105 (1)             ; 64 (0)                    ; 0           ; 0          ; 0            ; 0       ; 0         ; 0    ; 0            ; 0          ; |SAP1|RAM:inst105                   ; RAM         ; work         ;
;       |CelulaRam:inst105|  ; 1 (1)               ; 1 (1)                     ; 0           ; 0          ; 0            ; 0       ; 0         ; 0    ; 0            ; 0          ; |SAP1|RAM:inst105|CelulaRam:inst105 ; CelulaRam   ; work         ;
;       |CelulaRam:inst106|  ; 1 (1)               ; 1 (1)                     ; 0           ; 0          ; 0            ; 0       ; 0         ; 0    ; 0            ; 0          ; |SAP1|RAM:inst105|CelulaRam:inst106 ; CelulaRam   ; work         ;
;       |CelulaRam:inst107|  ; 1 (1)               ; 1 (1)                     ; 0           ; 0          ; 0            ; 0       ; 0         ; 0    ; 0            ; 0          ; |SAP1|RAM:inst105|CelulaRam:inst107 ; CelulaRam   ; work         ;
;       |CelulaRam:inst108|  ; 1 (1)               ; 1 (1)                     ; 0           ; 0          ; 0            ; 0       ; 0         ; 0    ; 0            ; 0          ; |SAP1|RAM:inst105|CelulaRam:inst108 ; CelulaRam   ; work         ;
;       |CelulaRam:inst109|  ; 1 (1)               ; 1 (1)                     ; 0           ; 0          ; 0            ; 0       ; 0         ; 0    ; 0            ; 0          ; |SAP1|RAM:inst105|CelulaRam:inst109 ; CelulaRam   ; work         ;
;       |CelulaRam:inst110|  ; 1 (1)               ; 1 (1)                     ; 0           ; 0          ; 0            ; 0       ; 0         ; 0    ; 0            ; 0          ; |SAP1|RAM:inst105|CelulaRam:inst110 ; CelulaRam   ; work         ;
;       |CelulaRam:inst111|  ; 1 (1)               ; 1 (1)                     ; 0           ; 0          ; 0            ; 0       ; 0         ; 0    ; 0            ; 0          ; |SAP1|RAM:inst105|CelulaRam:inst111 ; CelulaRam   ; work         ;
;       |CelulaRam:inst112|  ; 1 (1)               ; 1 (1)                     ; 0           ; 0          ; 0            ; 0       ; 0         ; 0    ; 0            ; 0          ; |SAP1|RAM:inst105|CelulaRam:inst112 ; CelulaRam   ; work         ;
;       |CelulaRam:inst113|  ; 1 (1)               ; 1 (1)                     ; 0           ; 0          ; 0            ; 0       ; 0         ; 0    ; 0            ; 0          ; |SAP1|RAM:inst105|CelulaRam:inst113 ; CelulaRam   ; work         ;
;       |CelulaRam:inst114|  ; 1 (1)               ; 1 (1)                     ; 0           ; 0          ; 0            ; 0       ; 0         ; 0    ; 0            ; 0          ; |SAP1|RAM:inst105|CelulaRam:inst114 ; CelulaRam   ; work         ;
;       |CelulaRam:inst115|  ; 1 (1)               ; 1 (1)                     ; 0           ; 0          ; 0            ; 0       ; 0         ; 0    ; 0            ; 0          ; |SAP1|RAM:inst105|CelulaRam:inst115 ; CelulaRam   ; work         ;
;       |CelulaRam:inst116|  ; 1 (1)               ; 1 (1)                     ; 0           ; 0          ; 0            ; 0       ; 0         ; 0    ; 0            ; 0          ; |SAP1|RAM:inst105|CelulaRam:inst116 ; CelulaRam   ; work         ;
;       |CelulaRam:inst117|  ; 1 (1)               ; 1 (1)                     ; 0           ; 0          ; 0            ; 0       ; 0         ; 0    ; 0            ; 0          ; |SAP1|RAM:inst105|CelulaRam:inst117 ; CelulaRam   ; work         ;
;       |CelulaRam:inst118|  ; 1 (1)               ; 1 (1)                     ; 0           ; 0          ; 0            ; 0       ; 0         ; 0    ; 0            ; 0          ; |SAP1|RAM:inst105|CelulaRam:inst118 ; CelulaRam   ; work         ;
;       |CelulaRam:inst119|  ; 1 (1)               ; 1 (1)                     ; 0           ; 0          ; 0            ; 0       ; 0         ; 0    ; 0            ; 0          ; |SAP1|RAM:inst105|CelulaRam:inst119 ; CelulaRam   ; work         ;
;       |CelulaRam:inst120|  ; 1 (1)               ; 1 (1)                     ; 0           ; 0          ; 0            ; 0       ; 0         ; 0    ; 0            ; 0          ; |SAP1|RAM:inst105|CelulaRam:inst120 ; CelulaRam   ; work         ;
;       |CelulaRam:inst121|  ; 1 (1)               ; 1 (1)                     ; 0           ; 0          ; 0            ; 0       ; 0         ; 0    ; 0            ; 0          ; |SAP1|RAM:inst105|CelulaRam:inst121 ; CelulaRam   ; work         ;
;       |CelulaRam:inst122|  ; 1 (1)               ; 1 (1)                     ; 0           ; 0          ; 0            ; 0       ; 0         ; 0    ; 0            ; 0          ; |SAP1|RAM:inst105|CelulaRam:inst122 ; CelulaRam   ; work         ;
;       |CelulaRam:inst123|  ; 1 (1)               ; 1 (1)                     ; 0           ; 0          ; 0            ; 0       ; 0         ; 0    ; 0            ; 0          ; |SAP1|RAM:inst105|CelulaRam:inst123 ; CelulaRam   ; work         ;
;       |CelulaRam:inst124|  ; 1 (1)               ; 1 (1)                     ; 0           ; 0          ; 0            ; 0       ; 0         ; 0    ; 0            ; 0          ; |SAP1|RAM:inst105|CelulaRam:inst124 ; CelulaRam   ; work         ;
;       |CelulaRam:inst125|  ; 1 (1)               ; 1 (1)                     ; 0           ; 0          ; 0            ; 0       ; 0         ; 0    ; 0            ; 0          ; |SAP1|RAM:inst105|CelulaRam:inst125 ; CelulaRam   ; work         ;
;       |CelulaRam:inst126|  ; 1 (1)               ; 1 (1)                     ; 0           ; 0          ; 0            ; 0       ; 0         ; 0    ; 0            ; 0          ; |SAP1|RAM:inst105|CelulaRam:inst126 ; CelulaRam   ; work         ;
;       |CelulaRam:inst127|  ; 1 (1)               ; 1 (1)                     ; 0           ; 0          ; 0            ; 0       ; 0         ; 0    ; 0            ; 0          ; |SAP1|RAM:inst105|CelulaRam:inst127 ; CelulaRam   ; work         ;
;       |CelulaRam:inst128|  ; 1 (1)               ; 1 (1)                     ; 0           ; 0          ; 0            ; 0       ; 0         ; 0    ; 0            ; 0          ; |SAP1|RAM:inst105|CelulaRam:inst128 ; CelulaRam   ; work         ;
;       |CelulaRam:inst129|  ; 1 (1)               ; 1 (1)                     ; 0           ; 0          ; 0            ; 0       ; 0         ; 0    ; 0            ; 0          ; |SAP1|RAM:inst105|CelulaRam:inst129 ; CelulaRam   ; work         ;
;       |CelulaRam:inst130|  ; 1 (1)               ; 1 (1)                     ; 0           ; 0          ; 0            ; 0       ; 0         ; 0    ; 0            ; 0          ; |SAP1|RAM:inst105|CelulaRam:inst130 ; CelulaRam   ; work         ;
;       |CelulaRam:inst131|  ; 1 (1)               ; 1 (1)                     ; 0           ; 0          ; 0            ; 0       ; 0         ; 0    ; 0            ; 0          ; |SAP1|RAM:inst105|CelulaRam:inst131 ; CelulaRam   ; work         ;
;       |CelulaRam:inst132|  ; 1 (1)               ; 1 (1)                     ; 0           ; 0          ; 0            ; 0       ; 0         ; 0    ; 0            ; 0          ; |SAP1|RAM:inst105|CelulaRam:inst132 ; CelulaRam   ; work         ;
;       |CelulaRam:inst133|  ; 1 (1)               ; 1 (1)                     ; 0           ; 0          ; 0            ; 0       ; 0         ; 0    ; 0            ; 0          ; |SAP1|RAM:inst105|CelulaRam:inst133 ; CelulaRam   ; work         ;
;       |CelulaRam:inst134|  ; 1 (1)               ; 1 (1)                     ; 0           ; 0          ; 0            ; 0       ; 0         ; 0    ; 0            ; 0          ; |SAP1|RAM:inst105|CelulaRam:inst134 ; CelulaRam   ; work         ;
;       |CelulaRam:inst135|  ; 1 (1)               ; 1 (1)                     ; 0           ; 0          ; 0            ; 0       ; 0         ; 0    ; 0            ; 0          ; |SAP1|RAM:inst105|CelulaRam:inst135 ; CelulaRam   ; work         ;
;       |CelulaRam:inst137|  ; 1 (1)               ; 1 (1)                     ; 0           ; 0          ; 0            ; 0       ; 0         ; 0    ; 0            ; 0          ; |SAP1|RAM:inst105|CelulaRam:inst137 ; CelulaRam   ; work         ;
;       |CelulaRam:inst62|   ; 11 (11)             ; 1 (1)                     ; 0           ; 0          ; 0            ; 0       ; 0         ; 0    ; 0            ; 0          ; |SAP1|RAM:inst105|CelulaRam:inst62  ; CelulaRam   ; work         ;
;       |CelulaRam:inst63|   ; 11 (11)             ; 1 (1)                     ; 0           ; 0          ; 0            ; 0       ; 0         ; 0    ; 0            ; 0          ; |SAP1|RAM:inst105|CelulaRam:inst63  ; CelulaRam   ; work         ;
;       |CelulaRam:inst64|   ; 11 (11)             ; 1 (1)                     ; 0           ; 0          ; 0            ; 0       ; 0         ; 0    ; 0            ; 0          ; |SAP1|RAM:inst105|CelulaRam:inst64  ; CelulaRam   ; work         ;
;       |CelulaRam:inst65|   ; 11 (11)             ; 1 (1)                     ; 0           ; 0          ; 0            ; 0       ; 0         ; 0    ; 0            ; 0          ; |SAP1|RAM:inst105|CelulaRam:inst65  ; CelulaRam   ; work         ;
;       |CelulaRam:inst66|   ; 1 (1)               ; 1 (1)                     ; 0           ; 0          ; 0            ; 0       ; 0         ; 0    ; 0            ; 0          ; |SAP1|RAM:inst105|CelulaRam:inst66  ; CelulaRam   ; work         ;
;       |CelulaRam:inst67|   ; 1 (1)               ; 1 (1)                     ; 0           ; 0          ; 0            ; 0       ; 0         ; 0    ; 0            ; 0          ; |SAP1|RAM:inst105|CelulaRam:inst67  ; CelulaRam   ; work         ;
;       |CelulaRam:inst68|   ; 1 (1)               ; 1 (1)                     ; 0           ; 0          ; 0            ; 0       ; 0         ; 0    ; 0            ; 0          ; |SAP1|RAM:inst105|CelulaRam:inst68  ; CelulaRam   ; work         ;
;       |CelulaRam:inst69|   ; 1 (1)               ; 1 (1)                     ; 0           ; 0          ; 0            ; 0       ; 0         ; 0    ; 0            ; 0          ; |SAP1|RAM:inst105|CelulaRam:inst69  ; CelulaRam   ; work         ;
;       |CelulaRam:inst70|   ; 1 (1)               ; 1 (1)                     ; 0           ; 0          ; 0            ; 0       ; 0         ; 0    ; 0            ; 0          ; |SAP1|RAM:inst105|CelulaRam:inst70  ; CelulaRam   ; work         ;
;       |CelulaRam:inst71|   ; 1 (1)               ; 1 (1)                     ; 0           ; 0          ; 0            ; 0       ; 0         ; 0    ; 0            ; 0          ; |SAP1|RAM:inst105|CelulaRam:inst71  ; CelulaRam   ; work         ;
;       |CelulaRam:inst72|   ; 1 (1)               ; 1 (1)                     ; 0           ; 0          ; 0            ; 0       ; 0         ; 0    ; 0            ; 0          ; |SAP1|RAM:inst105|CelulaRam:inst72  ; CelulaRam   ; work         ;
;       |CelulaRam:inst73|   ; 1 (1)               ; 1 (1)                     ; 0           ; 0          ; 0            ; 0       ; 0         ; 0    ; 0            ; 0          ; |SAP1|RAM:inst105|CelulaRam:inst73  ; CelulaRam   ; work         ;
;       |CelulaRam:inst74|   ; 1 (1)               ; 1 (1)                     ; 0           ; 0          ; 0            ; 0       ; 0         ; 0    ; 0            ; 0          ; |SAP1|RAM:inst105|CelulaRam:inst74  ; CelulaRam   ; work         ;
;       |CelulaRam:inst75|   ; 1 (1)               ; 1 (1)                     ; 0           ; 0          ; 0            ; 0       ; 0         ; 0    ; 0            ; 0          ; |SAP1|RAM:inst105|CelulaRam:inst75  ; CelulaRam   ; work         ;
;       |CelulaRam:inst76|   ; 1 (1)               ; 1 (1)                     ; 0           ; 0          ; 0            ; 0       ; 0         ; 0    ; 0            ; 0          ; |SAP1|RAM:inst105|CelulaRam:inst76  ; CelulaRam   ; work         ;
;       |CelulaRam:inst78|   ; 1 (1)               ; 1 (1)                     ; 0           ; 0          ; 0            ; 0       ; 0         ; 0    ; 0            ; 0          ; |SAP1|RAM:inst105|CelulaRam:inst78  ; CelulaRam   ; work         ;
;       |CelulaRam:inst80|   ; 1 (1)               ; 1 (1)                     ; 0           ; 0          ; 0            ; 0       ; 0         ; 0    ; 0            ; 0          ; |SAP1|RAM:inst105|CelulaRam:inst80  ; CelulaRam   ; work         ;
;       |CelulaRam:inst81|   ; 1 (1)               ; 1 (1)                     ; 0           ; 0          ; 0            ; 0       ; 0         ; 0    ; 0            ; 0          ; |SAP1|RAM:inst105|CelulaRam:inst81  ; CelulaRam   ; work         ;
;       |CelulaRam:inst82|   ; 1 (1)               ; 1 (1)                     ; 0           ; 0          ; 0            ; 0       ; 0         ; 0    ; 0            ; 0          ; |SAP1|RAM:inst105|CelulaRam:inst82  ; CelulaRam   ; work         ;
;       |CelulaRam:inst83|   ; 1 (1)               ; 1 (1)                     ; 0           ; 0          ; 0            ; 0       ; 0         ; 0    ; 0            ; 0          ; |SAP1|RAM:inst105|CelulaRam:inst83  ; CelulaRam   ; work         ;
;       |CelulaRam:inst84|   ; 1 (1)               ; 1 (1)                     ; 0           ; 0          ; 0            ; 0       ; 0         ; 0    ; 0            ; 0          ; |SAP1|RAM:inst105|CelulaRam:inst84  ; CelulaRam   ; work         ;
;       |CelulaRam:inst85|   ; 1 (1)               ; 1 (1)                     ; 0           ; 0          ; 0            ; 0       ; 0         ; 0    ; 0            ; 0          ; |SAP1|RAM:inst105|CelulaRam:inst85  ; CelulaRam   ; work         ;
;       |CelulaRam:inst86|   ; 1 (1)               ; 1 (1)                     ; 0           ; 0          ; 0            ; 0       ; 0         ; 0    ; 0            ; 0          ; |SAP1|RAM:inst105|CelulaRam:inst86  ; CelulaRam   ; work         ;
;       |CelulaRam:inst87|   ; 1 (1)               ; 1 (1)                     ; 0           ; 0          ; 0            ; 0       ; 0         ; 0    ; 0            ; 0          ; |SAP1|RAM:inst105|CelulaRam:inst87  ; CelulaRam   ; work         ;
;       |CelulaRam:inst88|   ; 1 (1)               ; 1 (1)                     ; 0           ; 0          ; 0            ; 0       ; 0         ; 0    ; 0            ; 0          ; |SAP1|RAM:inst105|CelulaRam:inst88  ; CelulaRam   ; work         ;
;       |CelulaRam:inst89|   ; 1 (1)               ; 1 (1)                     ; 0           ; 0          ; 0            ; 0       ; 0         ; 0    ; 0            ; 0          ; |SAP1|RAM:inst105|CelulaRam:inst89  ; CelulaRam   ; work         ;
;       |CelulaRam:inst90|   ; 1 (1)               ; 1 (1)                     ; 0           ; 0          ; 0            ; 0       ; 0         ; 0    ; 0            ; 0          ; |SAP1|RAM:inst105|CelulaRam:inst90  ; CelulaRam   ; work         ;
;       |CelulaRam:inst91|   ; 1 (1)               ; 1 (1)                     ; 0           ; 0          ; 0            ; 0       ; 0         ; 0    ; 0            ; 0          ; |SAP1|RAM:inst105|CelulaRam:inst91  ; CelulaRam   ; work         ;
;       |CelulaRam:inst92|   ; 1 (1)               ; 1 (1)                     ; 0           ; 0          ; 0            ; 0       ; 0         ; 0    ; 0            ; 0          ; |SAP1|RAM:inst105|CelulaRam:inst92  ; CelulaRam   ; work         ;
;       |CelulaRam:inst93|   ; 1 (1)               ; 1 (1)                     ; 0           ; 0          ; 0            ; 0       ; 0         ; 0    ; 0            ; 0          ; |SAP1|RAM:inst105|CelulaRam:inst93  ; CelulaRam   ; work         ;
;       |CelulaRam:inst94|   ; 1 (1)               ; 1 (1)                     ; 0           ; 0          ; 0            ; 0       ; 0         ; 0    ; 0            ; 0          ; |SAP1|RAM:inst105|CelulaRam:inst94  ; CelulaRam   ; work         ;
;       |CelulaRam:inst95|   ; 1 (1)               ; 1 (1)                     ; 0           ; 0          ; 0            ; 0       ; 0         ; 0    ; 0            ; 0          ; |SAP1|RAM:inst105|CelulaRam:inst95  ; CelulaRam   ; work         ;
;    |RAM:inst106|           ; 131 (9)             ; 64 (0)                    ; 0           ; 0          ; 0            ; 0       ; 0         ; 0    ; 0            ; 0          ; |SAP1|RAM:inst106                   ; RAM         ; work         ;
;       |CelulaRam:inst105|  ; 1 (1)               ; 1 (1)                     ; 0           ; 0          ; 0            ; 0       ; 0         ; 0    ; 0            ; 0          ; |SAP1|RAM:inst106|CelulaRam:inst105 ; CelulaRam   ; work         ;
;       |CelulaRam:inst106|  ; 1 (1)               ; 1 (1)                     ; 0           ; 0          ; 0            ; 0       ; 0         ; 0    ; 0            ; 0          ; |SAP1|RAM:inst106|CelulaRam:inst106 ; CelulaRam   ; work         ;
;       |CelulaRam:inst107|  ; 2 (2)               ; 1 (1)                     ; 0           ; 0          ; 0            ; 0       ; 0         ; 0    ; 0            ; 0          ; |SAP1|RAM:inst106|CelulaRam:inst107 ; CelulaRam   ; work         ;
;       |CelulaRam:inst108|  ; 1 (1)               ; 1 (1)                     ; 0           ; 0          ; 0            ; 0       ; 0         ; 0    ; 0            ; 0          ; |SAP1|RAM:inst106|CelulaRam:inst108 ; CelulaRam   ; work         ;
;       |CelulaRam:inst109|  ; 1 (1)               ; 1 (1)                     ; 0           ; 0          ; 0            ; 0       ; 0         ; 0    ; 0            ; 0          ; |SAP1|RAM:inst106|CelulaRam:inst109 ; CelulaRam   ; work         ;
;       |CelulaRam:inst110|  ; 1 (1)               ; 1 (1)                     ; 0           ; 0          ; 0            ; 0       ; 0         ; 0    ; 0            ; 0          ; |SAP1|RAM:inst106|CelulaRam:inst110 ; CelulaRam   ; work         ;
;       |CelulaRam:inst111|  ; 2 (2)               ; 1 (1)                     ; 0           ; 0          ; 0            ; 0       ; 0         ; 0    ; 0            ; 0          ; |SAP1|RAM:inst106|CelulaRam:inst111 ; CelulaRam   ; work         ;
;       |CelulaRam:inst112|  ; 1 (1)               ; 1 (1)                     ; 0           ; 0          ; 0            ; 0       ; 0         ; 0    ; 0            ; 0          ; |SAP1|RAM:inst106|CelulaRam:inst112 ; CelulaRam   ; work         ;
;       |CelulaRam:inst113|  ; 1 (1)               ; 1 (1)                     ; 0           ; 0          ; 0            ; 0       ; 0         ; 0    ; 0            ; 0          ; |SAP1|RAM:inst106|CelulaRam:inst113 ; CelulaRam   ; work         ;
;       |CelulaRam:inst114|  ; 1 (1)               ; 1 (1)                     ; 0           ; 0          ; 0            ; 0       ; 0         ; 0    ; 0            ; 0          ; |SAP1|RAM:inst106|CelulaRam:inst114 ; CelulaRam   ; work         ;
;       |CelulaRam:inst115|  ; 1 (1)               ; 1 (1)                     ; 0           ; 0          ; 0            ; 0       ; 0         ; 0    ; 0            ; 0          ; |SAP1|RAM:inst106|CelulaRam:inst115 ; CelulaRam   ; work         ;
;       |CelulaRam:inst116|  ; 2 (2)               ; 1 (1)                     ; 0           ; 0          ; 0            ; 0       ; 0         ; 0    ; 0            ; 0          ; |SAP1|RAM:inst106|CelulaRam:inst116 ; CelulaRam   ; work         ;
;       |CelulaRam:inst117|  ; 1 (1)               ; 1 (1)                     ; 0           ; 0          ; 0            ; 0       ; 0         ; 0    ; 0            ; 0          ; |SAP1|RAM:inst106|CelulaRam:inst117 ; CelulaRam   ; work         ;
;       |CelulaRam:inst118|  ; 1 (1)               ; 1 (1)                     ; 0           ; 0          ; 0            ; 0       ; 0         ; 0    ; 0            ; 0          ; |SAP1|RAM:inst106|CelulaRam:inst118 ; CelulaRam   ; work         ;
;       |CelulaRam:inst119|  ; 2 (2)               ; 1 (1)                     ; 0           ; 0          ; 0            ; 0       ; 0         ; 0    ; 0            ; 0          ; |SAP1|RAM:inst106|CelulaRam:inst119 ; CelulaRam   ; work         ;
;       |CelulaRam:inst120|  ; 1 (1)               ; 1 (1)                     ; 0           ; 0          ; 0            ; 0       ; 0         ; 0    ; 0            ; 0          ; |SAP1|RAM:inst106|CelulaRam:inst120 ; CelulaRam   ; work         ;
;       |CelulaRam:inst121|  ; 1 (1)               ; 1 (1)                     ; 0           ; 0          ; 0            ; 0       ; 0         ; 0    ; 0            ; 0          ; |SAP1|RAM:inst106|CelulaRam:inst121 ; CelulaRam   ; work         ;
;       |CelulaRam:inst122|  ; 1 (1)               ; 1 (1)                     ; 0           ; 0          ; 0            ; 0       ; 0         ; 0    ; 0            ; 0          ; |SAP1|RAM:inst106|CelulaRam:inst122 ; CelulaRam   ; work         ;
;       |CelulaRam:inst123|  ; 2 (2)               ; 1 (1)                     ; 0           ; 0          ; 0            ; 0       ; 0         ; 0    ; 0            ; 0          ; |SAP1|RAM:inst106|CelulaRam:inst123 ; CelulaRam   ; work         ;
;       |CelulaRam:inst124|  ; 1 (1)               ; 1 (1)                     ; 0           ; 0          ; 0            ; 0       ; 0         ; 0    ; 0            ; 0          ; |SAP1|RAM:inst106|CelulaRam:inst124 ; CelulaRam   ; work         ;
;       |CelulaRam:inst125|  ; 1 (1)               ; 1 (1)                     ; 0           ; 0          ; 0            ; 0       ; 0         ; 0    ; 0            ; 0          ; |SAP1|RAM:inst106|CelulaRam:inst125 ; CelulaRam   ; work         ;
;       |CelulaRam:inst126|  ; 1 (1)               ; 1 (1)                     ; 0           ; 0          ; 0            ; 0       ; 0         ; 0    ; 0            ; 0          ; |SAP1|RAM:inst106|CelulaRam:inst126 ; CelulaRam   ; work         ;
;       |CelulaRam:inst127|  ; 2 (2)               ; 1 (1)                     ; 0           ; 0          ; 0            ; 0       ; 0         ; 0    ; 0            ; 0          ; |SAP1|RAM:inst106|CelulaRam:inst127 ; CelulaRam   ; work         ;
;       |CelulaRam:inst128|  ; 1 (1)               ; 1 (1)                     ; 0           ; 0          ; 0            ; 0       ; 0         ; 0    ; 0            ; 0          ; |SAP1|RAM:inst106|CelulaRam:inst128 ; CelulaRam   ; work         ;
;       |CelulaRam:inst129|  ; 1 (1)               ; 1 (1)                     ; 0           ; 0          ; 0            ; 0       ; 0         ; 0    ; 0            ; 0          ; |SAP1|RAM:inst106|CelulaRam:inst129 ; CelulaRam   ; work         ;
;       |CelulaRam:inst130|  ; 1 (1)               ; 1 (1)                     ; 0           ; 0          ; 0            ; 0       ; 0         ; 0    ; 0            ; 0          ; |SAP1|RAM:inst106|CelulaRam:inst130 ; CelulaRam   ; work         ;
;       |CelulaRam:inst131|  ; 1 (1)               ; 1 (1)                     ; 0           ; 0          ; 0            ; 0       ; 0         ; 0    ; 0            ; 0          ; |SAP1|RAM:inst106|CelulaRam:inst131 ; CelulaRam   ; work         ;
;       |CelulaRam:inst132|  ; 2 (2)               ; 1 (1)                     ; 0           ; 0          ; 0            ; 0       ; 0         ; 0    ; 0            ; 0          ; |SAP1|RAM:inst106|CelulaRam:inst132 ; CelulaRam   ; work         ;
;       |CelulaRam:inst133|  ; 1 (1)               ; 1 (1)                     ; 0           ; 0          ; 0            ; 0       ; 0         ; 0    ; 0            ; 0          ; |SAP1|RAM:inst106|CelulaRam:inst133 ; CelulaRam   ; work         ;
;       |CelulaRam:inst134|  ; 2 (2)               ; 1 (1)                     ; 0           ; 0          ; 0            ; 0       ; 0         ; 0    ; 0            ; 0          ; |SAP1|RAM:inst106|CelulaRam:inst134 ; CelulaRam   ; work         ;
;       |CelulaRam:inst135|  ; 1 (1)               ; 1 (1)                     ; 0           ; 0          ; 0            ; 0       ; 0         ; 0    ; 0            ; 0          ; |SAP1|RAM:inst106|CelulaRam:inst135 ; CelulaRam   ; work         ;
;       |CelulaRam:inst137|  ; 1 (1)               ; 1 (1)                     ; 0           ; 0          ; 0            ; 0       ; 0         ; 0    ; 0            ; 0          ; |SAP1|RAM:inst106|CelulaRam:inst137 ; CelulaRam   ; work         ;
;       |CelulaRam:inst62|   ; 11 (11)             ; 1 (1)                     ; 0           ; 0          ; 0            ; 0       ; 0         ; 0    ; 0            ; 0          ; |SAP1|RAM:inst106|CelulaRam:inst62  ; CelulaRam   ; work         ;
;       |CelulaRam:inst63|   ; 11 (11)             ; 1 (1)                     ; 0           ; 0          ; 0            ; 0       ; 0         ; 0    ; 0            ; 0          ; |SAP1|RAM:inst106|CelulaRam:inst63  ; CelulaRam   ; work         ;
;       |CelulaRam:inst64|   ; 14 (14)             ; 1 (1)                     ; 0           ; 0          ; 0            ; 0       ; 0         ; 0    ; 0            ; 0          ; |SAP1|RAM:inst106|CelulaRam:inst64  ; CelulaRam   ; work         ;
;       |CelulaRam:inst65|   ; 11 (11)             ; 1 (1)                     ; 0           ; 0          ; 0            ; 0       ; 0         ; 0    ; 0            ; 0          ; |SAP1|RAM:inst106|CelulaRam:inst65  ; CelulaRam   ; work         ;
;       |CelulaRam:inst66|   ; 1 (1)               ; 1 (1)                     ; 0           ; 0          ; 0            ; 0       ; 0         ; 0    ; 0            ; 0          ; |SAP1|RAM:inst106|CelulaRam:inst66  ; CelulaRam   ; work         ;
;       |CelulaRam:inst67|   ; 1 (1)               ; 1 (1)                     ; 0           ; 0          ; 0            ; 0       ; 0         ; 0    ; 0            ; 0          ; |SAP1|RAM:inst106|CelulaRam:inst67  ; CelulaRam   ; work         ;
;       |CelulaRam:inst68|   ; 2 (2)               ; 1 (1)                     ; 0           ; 0          ; 0            ; 0       ; 0         ; 0    ; 0            ; 0          ; |SAP1|RAM:inst106|CelulaRam:inst68  ; CelulaRam   ; work         ;
;       |CelulaRam:inst69|   ; 1 (1)               ; 1 (1)                     ; 0           ; 0          ; 0            ; 0       ; 0         ; 0    ; 0            ; 0          ; |SAP1|RAM:inst106|CelulaRam:inst69  ; CelulaRam   ; work         ;
;       |CelulaRam:inst70|   ; 1 (1)               ; 1 (1)                     ; 0           ; 0          ; 0            ; 0       ; 0         ; 0    ; 0            ; 0          ; |SAP1|RAM:inst106|CelulaRam:inst70  ; CelulaRam   ; work         ;
;       |CelulaRam:inst71|   ; 1 (1)               ; 1 (1)                     ; 0           ; 0          ; 0            ; 0       ; 0         ; 0    ; 0            ; 0          ; |SAP1|RAM:inst106|CelulaRam:inst71  ; CelulaRam   ; work         ;
;       |CelulaRam:inst72|   ; 2 (2)               ; 1 (1)                     ; 0           ; 0          ; 0            ; 0       ; 0         ; 0    ; 0            ; 0          ; |SAP1|RAM:inst106|CelulaRam:inst72  ; CelulaRam   ; work         ;
;       |CelulaRam:inst73|   ; 1 (1)               ; 1 (1)                     ; 0           ; 0          ; 0            ; 0       ; 0         ; 0    ; 0            ; 0          ; |SAP1|RAM:inst106|CelulaRam:inst73  ; CelulaRam   ; work         ;
;       |CelulaRam:inst74|   ; 1 (1)               ; 1 (1)                     ; 0           ; 0          ; 0            ; 0       ; 0         ; 0    ; 0            ; 0          ; |SAP1|RAM:inst106|CelulaRam:inst74  ; CelulaRam   ; work         ;
;       |CelulaRam:inst75|   ; 1 (1)               ; 1 (1)                     ; 0           ; 0          ; 0            ; 0       ; 0         ; 0    ; 0            ; 0          ; |SAP1|RAM:inst106|CelulaRam:inst75  ; CelulaRam   ; work         ;
;       |CelulaRam:inst76|   ; 2 (2)               ; 1 (1)                     ; 0           ; 0          ; 0            ; 0       ; 0         ; 0    ; 0            ; 0          ; |SAP1|RAM:inst106|CelulaRam:inst76  ; CelulaRam   ; work         ;
;       |CelulaRam:inst78|   ; 1 (1)               ; 1 (1)                     ; 0           ; 0          ; 0            ; 0       ; 0         ; 0    ; 0            ; 0          ; |SAP1|RAM:inst106|CelulaRam:inst78  ; CelulaRam   ; work         ;
;       |CelulaRam:inst80|   ; 1 (1)               ; 1 (1)                     ; 0           ; 0          ; 0            ; 0       ; 0         ; 0    ; 0            ; 0          ; |SAP1|RAM:inst106|CelulaRam:inst80  ; CelulaRam   ; work         ;
;       |CelulaRam:inst81|   ; 1 (1)               ; 1 (1)                     ; 0           ; 0          ; 0            ; 0       ; 0         ; 0    ; 0            ; 0          ; |SAP1|RAM:inst106|CelulaRam:inst81  ; CelulaRam   ; work         ;
;       |CelulaRam:inst82|   ; 2 (2)               ; 1 (1)                     ; 0           ; 0          ; 0            ; 0       ; 0         ; 0    ; 0            ; 0          ; |SAP1|RAM:inst106|CelulaRam:inst82  ; CelulaRam   ; work         ;
;       |CelulaRam:inst83|   ; 1 (1)               ; 1 (1)                     ; 0           ; 0          ; 0            ; 0       ; 0         ; 0    ; 0            ; 0          ; |SAP1|RAM:inst106|CelulaRam:inst83  ; CelulaRam   ; work         ;
;       |CelulaRam:inst84|   ; 1 (1)               ; 1 (1)                     ; 0           ; 0          ; 0            ; 0       ; 0         ; 0    ; 0            ; 0          ; |SAP1|RAM:inst106|CelulaRam:inst84  ; CelulaRam   ; work         ;
;       |CelulaRam:inst85|   ; 1 (1)               ; 1 (1)                     ; 0           ; 0          ; 0            ; 0       ; 0         ; 0    ; 0            ; 0          ; |SAP1|RAM:inst106|CelulaRam:inst85  ; CelulaRam   ; work         ;
;       |CelulaRam:inst86|   ; 2 (2)               ; 1 (1)                     ; 0           ; 0          ; 0            ; 0       ; 0         ; 0    ; 0            ; 0          ; |SAP1|RAM:inst106|CelulaRam:inst86  ; CelulaRam   ; work         ;
;       |CelulaRam:inst87|   ; 1 (1)               ; 1 (1)                     ; 0           ; 0          ; 0            ; 0       ; 0         ; 0    ; 0            ; 0          ; |SAP1|RAM:inst106|CelulaRam:inst87  ; CelulaRam   ; work         ;
;       |CelulaRam:inst88|   ; 1 (1)               ; 1 (1)                     ; 0           ; 0          ; 0            ; 0       ; 0         ; 0    ; 0            ; 0          ; |SAP1|RAM:inst106|CelulaRam:inst88  ; CelulaRam   ; work         ;
;       |CelulaRam:inst89|   ; 1 (1)               ; 1 (1)                     ; 0           ; 0          ; 0            ; 0       ; 0         ; 0    ; 0            ; 0          ; |SAP1|RAM:inst106|CelulaRam:inst89  ; CelulaRam   ; work         ;
;       |CelulaRam:inst90|   ; 2 (2)               ; 1 (1)                     ; 0           ; 0          ; 0            ; 0       ; 0         ; 0    ; 0            ; 0          ; |SAP1|RAM:inst106|CelulaRam:inst90  ; CelulaRam   ; work         ;
;       |CelulaRam:inst91|   ; 1 (1)               ; 1 (1)                     ; 0           ; 0          ; 0            ; 0       ; 0         ; 0    ; 0            ; 0          ; |SAP1|RAM:inst106|CelulaRam:inst91  ; CelulaRam   ; work         ;
;       |CelulaRam:inst92|   ; 1 (1)               ; 1 (1)                     ; 0           ; 0          ; 0            ; 0       ; 0         ; 0    ; 0            ; 0          ; |SAP1|RAM:inst106|CelulaRam:inst92  ; CelulaRam   ; work         ;
;       |CelulaRam:inst93|   ; 2 (2)               ; 1 (1)                     ; 0           ; 0          ; 0            ; 0       ; 0         ; 0    ; 0            ; 0          ; |SAP1|RAM:inst106|CelulaRam:inst93  ; CelulaRam   ; work         ;
;       |CelulaRam:inst94|   ; 1 (1)               ; 1 (1)                     ; 0           ; 0          ; 0            ; 0       ; 0         ; 0    ; 0            ; 0          ; |SAP1|RAM:inst106|CelulaRam:inst94  ; CelulaRam   ; work         ;
;       |CelulaRam:inst95|   ; 1 (1)               ; 1 (1)                     ; 0           ; 0          ; 0            ; 0       ; 0         ; 0    ; 0            ; 0          ; |SAP1|RAM:inst106|CelulaRam:inst95  ; CelulaRam   ; work         ;
;    |ci74157:inst42|        ; 4 (4)               ; 0 (0)                     ; 0           ; 0          ; 0            ; 0       ; 0         ; 0    ; 0            ; 0          ; |SAP1|ci74157:inst42                ; ci74157     ; work         ;
;    |ci7483:inst129|        ; 12 (12)             ; 0 (0)                     ; 0           ; 0          ; 0            ; 0       ; 0         ; 0    ; 0            ; 0          ; |SAP1|ci7483:inst129                ; ci7483      ; work         ;
;    |ci7483:inst130|        ; 11 (11)             ; 0 (0)                     ; 0           ; 0          ; 0            ; 0       ; 0         ; 0    ; 0            ; 0          ; |SAP1|ci7483:inst130                ; ci7483      ; work         ;
+----------------------------+---------------------+---------------------------+-------------+------------+--------------+---------+-----------+------+--------------+------------+-------------------------------------+-------------+--------------+
Note: For table entries with two numbers listed, the numbers in parentheses indicate the number of resources of the given type used by the specific entity alone. The numbers listed outside of parentheses indicate the total resources of the given type used by the specific entity and all of its sub-entities in the hierarchy.


+------------------------------------------------------+
; General Register Statistics                          ;
+----------------------------------------------+-------+
; Statistic                                    ; Value ;
+----------------------------------------------+-------+
; Total registers                              ; 175   ;
; Number of registers using Synchronous Clear  ; 0     ;
; Number of registers using Synchronous Load   ; 0     ;
; Number of registers using Asynchronous Clear ; 15    ;
; Number of registers using Asynchronous Load  ; 0     ;
; Number of registers using Clock Enable       ; 40    ;
; Number of registers using Preset             ; 0     ;
+----------------------------------------------+-------+


+-----------------------------------------------------+
; Post-Synthesis Netlist Statistics for Top Partition ;
+-----------------------+-----------------------------+
; Type                  ; Count                       ;
+-----------------------+-----------------------------+
; boundary_port         ; 44                          ;
; cycloneiii_ff         ; 175                         ;
;     CLR               ; 7                           ;
;     ENA               ; 32                          ;
;     ENA CLR           ; 8                           ;
;     plain             ; 128                         ;
; cycloneiii_lcell_comb ; 327                         ;
;     normal            ; 327                         ;
;         1 data inputs ; 11                          ;
;         2 data inputs ; 7                           ;
;         3 data inputs ; 164                         ;
;         4 data inputs ; 145                         ;
;                       ;                             ;
; Max LUT depth         ; 9.00                        ;
; Average LUT depth     ; 5.62                        ;
+-----------------------+-----------------------------+


+-------------------------------+
; Elapsed Time Per Partition    ;
+----------------+--------------+
; Partition Name ; Elapsed Time ;
+----------------+--------------+
; Top            ; 00:00:00     ;
+----------------+--------------+


+-------------------------------+
; Analysis & Synthesis Messages ;
+-------------------------------+
Info: *******************************************************************
Info: Running Quartus Prime Analysis & Synthesis
    Info: Version 20.1.1 Build 720 11/11/2020 SJ Lite Edition
    Info: Copyright (C) 2020  Intel Corporation. All rights reserved.
    Info: Your use of Intel Corporation's design tools, logic functions 
    Info: and other software and tools, and any partner logic 
    Info: functions, and any output files from any of the foregoing 
    Info: (including device programming or simulation files), and any 
    Info: associated documentation or information are expressly subject 
    Info: to the terms and conditions of the Intel Program License 
    Info: Subscription Agreement, the Intel Quartus Prime License Agreement,
    Info: the Intel FPGA IP License Agreement, or other applicable license
    Info: agreement, including, without limitation, that your use is for
    Info: the sole purpose of programming logic devices manufactured by
    Info: Intel and sold by Intel or its authorized distributors.  Please
    Info: refer to the applicable agreement for further details, at
    Info: https://fpgasoftware.intel.com/eula.
    Info: Processing started: Wed Jul 15 17:31:37 2026
Info: Command: quartus_map SAP1
Warning (18236): Number of processors has not been specified which may cause overloading on shared machines.  Set the global assignment NUM_PARALLEL_PROCESSORS in your QSF to an appropriate value for best performance.
Info (20030): Parallel compilation is enabled and will use 16 of the 16 processors detected
Info (12021): Found 1 design units, including 1 entities, in source file ci74157.bdf
    Info (12023): Found entity 1: ci74157
Info (12021): Found 1 design units, including 1 entities, in source file ci7483.bdf
    Info (12023): Found entity 1: ci7483
Info (12021): Found 1 design units, including 1 entities, in source file celularam.bdf
    Info (12023): Found entity 1: CelulaRam
Info (12021): Found 1 design units, including 1 entities, in source file ci74173.bdf
    Info (12023): Found entity 1: CI74173
Info (12021): Found 1 design units, including 1 entities, in source file ram.bdf
    Info (12023): Found entity 1: RAM
Info (12021): Found 1 design units, including 1 entities, in source file sap1.bdf
    Info (12023): Found entity 1: SAP1
Info (12127): Elaborating entity "SAP1" for the top level hierarchy
Warning (275011): Block or symbol "XOR" of instance "inst53" overlaps another block or symbol
Warning (275011): Block or symbol "XOR" of instance "inst57" overlaps another block or symbol
Warning (275009): Pin "VA0" not connected
Warning (275009): Pin "VA1" not connected
Warning (275009): Pin "VA2" not connected
Warning (275009): Pin "VA3" not connected
Info (12128): Elaborating entity "CI74173" for hierarchy "CI74173:inst44"
Info (12128): Elaborating entity "ci7483" for hierarchy "ci7483:inst129"
Info (12128): Elaborating entity "RAM" for hierarchy "RAM:inst105"
Info (12128): Elaborating entity "CelulaRam" for hierarchy "RAM:inst105|CelulaRam:inst65"
Info (12128): Elaborating entity "ci74157" for hierarchy "ci74157:inst42"
Warning (13046): Tri-state node(s) do not directly drive top-level pin(s)
    Warning (13049): Converted tri-state buffer "CI74173:inst9|inst32" feeding internal logic into a wire
    Warning (13049): Converted tri-state buffer "CI74173:inst9|inst31" feeding internal logic into a wire
    Warning (13049): Converted tri-state buffer "CI74173:inst9|inst33" feeding internal logic into a wire
    Warning (13049): Converted tri-state buffer "CI74173:inst9|inst34" feeding internal logic into a wire
    Warning (13049): Converted tri-state buffer "CI74173:inst43|inst32" feeding internal logic into a wire
    Warning (13049): Converted tri-state buffer "CI74173:inst43|inst31" feeding internal logic into a wire
    Warning (13049): Converted tri-state buffer "CI74173:inst43|inst33" feeding internal logic into a wire
    Warning (13049): Converted tri-state buffer "CI74173:inst43|inst34" feeding internal logic into a wire
    Warning (13049): Converted tri-state buffer "CI74173:inst8|inst32" feeding internal logic into a wire
    Warning (13049): Converted tri-state buffer "CI74173:inst8|inst31" feeding internal logic into a wire
    Warning (13049): Converted tri-state buffer "CI74173:inst8|inst33" feeding internal logic into a wire
    Warning (13049): Converted tri-state buffer "CI74173:inst8|inst34" feeding internal logic into a wire
    Warning (13049): Converted tri-state buffer "CI74173:inst44|inst32" feeding internal logic into a wire
    Warning (13049): Converted tri-state buffer "CI74173:inst44|inst31" feeding internal logic into a wire
    Warning (13049): Converted tri-state buffer "CI74173:inst44|inst33" feeding internal logic into a wire
    Warning (13049): Converted tri-state buffer "CI74173:inst44|inst34" feeding internal logic into a wire
Warning (19016): Clock multiplexers are found and protected
    Warning (19017): Found clock multiplexer ci74157:inst42|inst11~0
    Warning (19017): Found clock multiplexer ci74157:inst42|inst10~0
    Warning (19017): Found clock multiplexer ci74157:inst42|inst9~0
    Warning (19017): Found clock multiplexer ci74157:inst42|inst8~0
Warning (13044): Always-enabled tri-state buffer(s) removed
    Warning (13045): Converted the fanout from the always-enabled tri-state buffer "CI74173:inst97|inst34" to the node "LED4" into a wire
    Warning (13045): Converted the fanout from the always-enabled tri-state buffer "CI74173:inst97|inst33" to the node "LED5" into a wire
    Warning (13045): Converted the fanout from the always-enabled tri-state buffer "CI74173:inst97|inst31" to the node "LED6" into a wire
    Warning (13045): Converted the fanout from the always-enabled tri-state buffer "CI74173:inst97|inst32" to the node "LED7" into a wire
    Warning (13045): Converted the fanout from the always-enabled tri-state buffer "CI74173:inst98|inst34" to the node "LED0" into a wire
    Warning (13045): Converted the fanout from the always-enabled tri-state buffer "CI74173:inst98|inst33" to the node "LED1" into a wire
    Warning (13045): Converted the fanout from the always-enabled tri-state buffer "CI74173:inst98|inst31" to the node "LED2" into a wire
    Warning (13045): Converted the fanout from the always-enabled tri-state buffer "CI74173:inst98|inst32" to the node "LED3" into a wire
    Warning (13045): Converted the fanout from the always-enabled tri-state buffer "CI74173:inst7|inst31" to the node "ACC2" into a wire
    Warning (13045): Converted the fanout from the always-enabled tri-state buffer "CI74173:inst7|inst33" to the node "ACC1" into a wire
    Warning (13045): Converted the fanout from the always-enabled tri-state buffer "CI74173:inst7|inst34" to the node "ACC0" into a wire
    Warning (13045): Converted the fanout from the always-enabled tri-state buffer "CI74173:inst7|inst32" to the node "ACC3" into a wire
    Warning (13045): Converted the fanout from the always-enabled tri-state buffer "CI74173:inst6|inst32" to the node "ci7483:inst129|instO" into a wire
Warning (13046): Tri-state node(s) do not directly drive top-level pin(s)
    Warning (13047): Converted the fan-out from the tri-state buffer "CI74173:inst7|inst31" to the node "ci7483:inst130|inst8" into an OR gate
    Warning (13047): Converted the fan-out from the tri-state buffer "CI74173:inst7|inst33" to the node "ci7483:inst130|inst10" into an OR gate
    Warning (13047): Converted the fan-out from the tri-state buffer "CI74173:inst7|inst34" to the node "ci7483:inst130|inst12" into an OR gate
    Warning (13047): Converted the fan-out from the tri-state buffer "CI74173:inst7|inst32" to the node "ci7483:inst130|inst7" into an OR gate
    Warning (13047): Converted the fan-out from the tri-state buffer "CI74173:inst6|inst34" to the node "ci7483:inst129|inst12" into an OR gate
    Warning (13047): Converted the fan-out from the tri-state buffer "CI74173:inst6|inst33" to the node "ci7483:inst129|inst10" into an OR gate
    Warning (13047): Converted the fan-out from the tri-state buffer "CI74173:inst6|inst31" to the node "ci7483:inst129|inst8" into an OR gate
Warning (13046): Tri-state node(s) do not directly drive top-level pin(s)
    Warning (13047): Converted the fan-out from the tri-state buffer "inst89" to the node "CI74173:inst98|inst24" into an OR gate
    Warning (13047): Converted the fan-out from the tri-state buffer "inst70" to the node "CI74173:inst98|inst25" into an OR gate
    Warning (13047): Converted the fan-out from the tri-state buffer "inst86" to the node "CI74173:inst98|inst26" into an OR gate
    Warning (13047): Converted the fan-out from the tri-state buffer "inst90" to the node "CI74173:inst98|inst23" into an OR gate
    Warning (13047): Converted the fan-out from the tri-state buffer "inst91" to the node "CI74173:inst97|inst26" into an OR gate
    Warning (13047): Converted the fan-out from the tri-state buffer "inst68" to the node "CI74173:inst97|inst25" into an OR gate
    Warning (13047): Converted the fan-out from the tri-state buffer "inst65" to the node "CI74173:inst97|inst24" into an OR gate
    Warning (13047): Converted the fan-out from the tri-state buffer "inst94" to the node "CI74173:inst97|inst23" into an OR gate
    Warning (13047): Converted the fan-out from the tri-state buffer "RAM:inst106|CelulaRam:inst64|inst7" to the node "RAM:inst106|inst141" into an OR gate
    Warning (13047): Converted the fan-out from the tri-state buffer "RAM:inst106|CelulaRam:inst63|inst7" to the node "RAM:inst106|inst140" into an OR gate
    Warning (13047): Converted the fan-out from the tri-state buffer "RAM:inst106|CelulaRam:inst62|inst7" to the node "RAM:inst106|inst139" into an OR gate
    Warning (13047): Converted the fan-out from the tri-state buffer "RAM:inst106|CelulaRam:inst65|inst7" to the node "RAM:inst106|inst142" into an OR gate
    Warning (13047): Converted the fan-out from the tri-state buffer "RAM:inst105|CelulaRam:inst62|inst7" to the node "RAM:inst105|inst139" into an OR gate
    Warning (13047): Converted the fan-out from the tri-state buffer "RAM:inst105|CelulaRam:inst63|inst7" to the node "RAM:inst105|inst140" into an OR gate
    Warning (13047): Converted the fan-out from the tri-state buffer "RAM:inst105|CelulaRam:inst64|inst7" to the node "RAM:inst105|inst141" into an OR gate
    Warning (13047): Converted the fan-out from the tri-state buffer "RAM:inst105|CelulaRam:inst65|inst7" to the node "RAM:inst105|inst142" into an OR gate
Info (286030): Timing-Driven Synthesis is running
Info (17016): Found the following redundant logic cells in design
    Info (17048): Logic cell "obs_rb0"
    Info (17048): Logic cell "obs_rb1"
    Info (17048): Logic cell "obs_rb2"
    Info (17048): Logic cell "obs_rb3"
Info (16010): Generating hard_block partition "hard_block:auto_generated_inst"
    Info (16011): Adding 0 node(s), including 0 DDIO, 0 PLL, 0 transceiver and 0 LCELL
Warning (21074): Design contains 4 input pin(s) that do not drive logic
    Warning (15610): No output dependent on input pin "VA0"
    Warning (15610): No output dependent on input pin "VA1"
    Warning (15610): No output dependent on input pin "VA2"
    Warning (15610): No output dependent on input pin "VA3"
Info (21057): Implemented 538 device resources after synthesis - the final resource count might be different
    Info (21058): Implemented 22 input pins
    Info (21059): Implemented 22 output pins
    Info (21061): Implemented 494 logic cells
Info: Quartus Prime Analysis & Synthesis was successful. 0 errors, 73 warnings
    Info: Peak virtual memory: 4843 megabytes
    Info: Processing ended: Wed Jul 15 17:31:45 2026
    Info: Elapsed time: 00:00:08
    Info: Total CPU time (on all processors): 00:00:19


